TN:
SF:script/DeploySimpleAMM.s.sol
DA:11,45
FN:11,DeploySimpleAMM.run
FNDA:45,DeploySimpleAMM.run
DA:12,45
DA:13,45
DA:14,45
DA:15,45
DA:16,45
DA:19,45
DA:22,45
DA:24,45
DA:26,45
DA:29,45
DA:30,45
DA:31,45
DA:32,45
DA:34,45
FNF:1
FNH:1
LF:15
LH:15
BRF:0
BRH:0
end_of_record
TN:
SF:script/HelperConfig.s.sol
DA:29,45
FN:29,HelperConfig.constructor
FNDA:45,HelperConfig.constructor
DA:30,45
BRDA:30,0,0,-
BRDA:30,0,1,-
DA:31,0
DA:32,45
BRDA:32,1,0,-
BRDA:32,1,1,-
DA:33,0
DA:34,45
BRDA:34,2,0,45
BRDA:34,2,1,-
DA:35,45
DA:37,0
DA:41,0
FN:41,HelperConfig.createSepoliaEthConfig
FNDA:0,HelperConfig.createSepoliaEthConfig
DA:42,0
DA:43,0
DA:44,0
DA:45,0
DA:48,0
FN:48,HelperConfig.createMainnetEthConfig
FNDA:0,HelperConfig.createMainnetEthConfig
DA:49,0
DA:50,0
DA:51,0
DA:52,0
DA:55,45
FN:55,HelperConfig.createAnvilEthConfig
FNDA:45,HelperConfig.createAnvilEthConfig
DA:56,45
DA:57,45
DA:59,45
DA:61,45
DA:64,0
FN:64,HelperConfig._parseAddressArray
FNDA:0,HelperConfig._parseAddressArray
DA:65,0
DA:66,0
DA:67,0
DA:68,0
DA:70,0
DA:73,82
FN:73,HelperConfig.getOperators
FNDA:82,HelperConfig.getOperators
DA:74,82
DA:77,84
FN:77,HelperConfig.getEmergencyAdmins
FNDA:84,HelperConfig.getEmergencyAdmins
DA:78,84
FNF:7
FNH:4
LF:33
LH:14
BRF:6
BRH:1
end_of_record
TN:
SF:script/migration/01_DeployV2.s.sol
DA:9,0
FN:9,DeployV2Script.run
FNDA:0,DeployV2Script.run
DA:10,0
DA:11,0
DA:13,0
DA:14,0
DA:15,0
DA:16,0
DA:18,0
DA:20,0
DA:21,0
DA:23,0
FNF:1
FNH:0
LF:11
LH:0
BRF:0
BRH:0
end_of_record
TN:
SF:script/migration/02_UpgradeToV2.s.sol
DA:12,0
FN:12,UpgradeToV2Script.run
FNDA:0,UpgradeToV2Script.run
DA:13,0
DA:14,0
DA:16,0
DA:17,0
DA:18,0
DA:19,0
DA:20,0
DA:21,0
DA:24,0
BRDA:24,0,0,-
BRDA:24,0,1,-
DA:25,0
BRDA:25,1,0,-
BRDA:25,1,1,-
DA:27,0
DA:30,0
DA:31,0
BRDA:31,2,0,-
BRDA:31,2,1,-
DA:34,0
DA:37,0
BRDA:37,3,0,-
BRDA:37,3,1,-
DA:40,0
DA:41,0
BRDA:41,4,0,-
BRDA:41,4,1,-
DA:42,0
DA:45,0
DA:46,0
DA:49,0
DA:50,0
BRDA:50,5,0,-
BRDA:50,5,1,-
DA:51,0
DA:54,0
DA:55,0
BRDA:55,6,0,-
BRDA:55,6,1,-
DA:57,0
FNF:1
FNH:0
LF:27
LH:0
BRF:14
BRH:0
end_of_record
TN:
SF:script/migration/03_UnpauseV2.s.sol
DA:11,0
FN:11,UnpauseV2Script.run
FNDA:0,UnpauseV2Script.run
DA:12,0
DA:13,0
DA:15,0
DA:16,0
DA:17,0
BRDA:17,0,0,-
BRDA:17,0,1,-
DA:19,0
DA:22,0
DA:23,0
BRDA:23,1,0,-
BRDA:23,1,1,-
DA:25,0
FNF:1
FNH:0
LF:10
LH:0
BRF:4
BRH:0
end_of_record
TN:
SF:script/migration/Rollback.s.sol
DA:12,0
FN:12,RollbackScript.run
FNDA:0,RollbackScript.run
DA:13,0
DA:14,0
DA:16,0
DA:17,0
DA:18,0
DA:19,0
DA:20,0
DA:21,0
DA:22,0
BRDA:22,0,0,-
BRDA:22,0,1,-
DA:23,0
BRDA:23,1,0,-
BRDA:23,1,1,-
DA:25,0
DA:28,0
DA:29,0
BRDA:29,2,0,-
BRDA:29,2,1,-
DA:32,0
DA:35,0
BRDA:35,3,0,-
BRDA:35,3,1,-
DA:38,0
DA:39,0
BRDA:39,4,0,-
BRDA:39,4,1,-
DA:40,0
DA:43,0
DA:44,0
DA:47,0
DA:48,0
BRDA:48,5,0,-
BRDA:48,5,1,-
DA:49,0
DA:52,0
DA:53,0
BRDA:53,6,0,-
BRDA:53,6,1,-
DA:55,0
FNF:1
FNH:0
LF:27
LH:0
BRF:14
BRH:0
end_of_record
TN:
SF:src/EmergencyMultiSig.sol
DA:85,56
FN:85,EmergencyMultiSig.constructor
FNDA:56,EmergencyMultiSig.constructor
DA:86,56
BRDA:86,0,0,-
DA:87,0
DA:90,56
DA:92,56
DA:93,168
DA:96,56
DA:102,56
FN:102,EmergencyMultiSig.setExecutor
FNDA:56,EmergencyMultiSig.setExecutor
DA:103,56
BRDA:103,1,0,-
DA:104,56
DA:113,16
FN:113,EmergencyMultiSig.proposeWithdrawal
FNDA:16,EmergencyMultiSig.proposeWithdrawal
DA:118,15
BRDA:118,2,0,1
DA:119,14
BRDA:119,3,0,1
DA:121,13
DA:123,13
DA:124,13
BRDA:124,4,0,-
DA:126,13
DA:127,13
DA:128,13
DA:129,13
DA:130,13
DA:131,13
DA:133,13
DA:134,13
DA:136,13
DA:142,10
FN:142,EmergencyMultiSig.approveWithdrawal
FNDA:10,EmergencyMultiSig.approveWithdrawal
DA:143,10
DA:144,10
BRDA:144,5,0,-
DA:145,0
BRDA:145,6,0,-
DA:146,10
BRDA:146,7,0,1
DA:147,1
DA:149,2
BRDA:149,8,0,2
DA:151,7
DA:152,7
DA:154,7
DA:160,8
FN:160,EmergencyMultiSig.executeWithdrawal
FNDA:8,EmergencyMultiSig.executeWithdrawal
DA:161,8
DA:162,8
BRDA:162,9,0,-
DA:163,0
BRDA:163,10,0,-
DA:164,8
BRDA:164,11,0,-
DA:165,0
DA:167,8
BRDA:167,12,0,3
DA:169,5
DA:172,5
DA:174,5
DA:185,3
FN:185,EmergencyMultiSig.getProposalDetails
FNDA:3,EmergencyMultiSig.getProposalDetails
DA:190,3
DA:191,3
FNF:6
FNH:6
LF:48
LH:44
BRF:13
BRH:5
end_of_record
TN:
SF:src/LPToken.sol
DA:23,325914
FN:23,LPToken.mint
FNDA:325914,LPToken.mint
DA:24,325914
DA:31,313051
FN:31,LPToken.burn
FNDA:313051,LPToken.burn
DA:32,313051
FNF:2
FNH:2
LF:4
LH:4
BRF:0
BRH:0
end_of_record
TN:
SF:src/storage/EternalStorage.sol
DA:41,2
FN:41,EternalStorage.onlyLogic
FNDA:2,EternalStorage.onlyLogic
DA:42,2
BRDA:42,0,0,-
DA:47,158
FN:47,EternalStorage.notZeroAddress
FNDA:158,EternalStorage.notZeroAddress
DA:48,158
BRDA:48,1,0,2
DA:54,78
FN:54,EternalStorage.constructor
FNDA:78,EternalStorage.constructor
DA:55,77
DA:63,81
FN:63,EternalStorage.upgradeLogicContract
FNDA:81,EternalStorage.upgradeLogicContract
DA:68,79
DA:69,79
DA:70,79
DA:73,2041463
FN:73,EternalStorage.setUint
FNDA:2041463,EternalStorage.setUint
DA:74,2041458
DA:77,4593570
FN:77,EternalStorage.getUint
FNDA:4593570,EternalStorage.getUint
DA:78,4593570
DA:81,3
FN:81,EternalStorage.deleteUint
FNDA:3,EternalStorage.deleteUint
DA:82,3
DA:85,2130
FN:85,EternalStorage.setAddress
FNDA:2130,EternalStorage.setAddress
DA:86,2129
DA:89,2428056
FN:89,EternalStorage.getAddress
FNDA:2428056,EternalStorage.getAddress
DA:90,2428056
DA:93,2
FN:93,EternalStorage.deleteAddress
FNDA:2,EternalStorage.deleteAddress
DA:94,2
DA:97,359
FN:97,EternalStorage.setBool
FNDA:359,EternalStorage.setBool
DA:98,358
DA:101,359
FN:101,EternalStorage.getBool
FNDA:359,EternalStorage.getBool
DA:102,359
DA:105,1
FN:105,EternalStorage.deleteBool
FNDA:1,EternalStorage.deleteBool
DA:106,1
DA:109,258
FN:109,EternalStorage.setBytes
FNDA:258,EternalStorage.setBytes
DA:110,257
DA:113,258
FN:113,EternalStorage.getBytes
FNDA:258,EternalStorage.getBytes
DA:114,258
DA:117,1
FN:117,EternalStorage.deleteBytes
FNDA:1,EternalStorage.deleteBytes
DA:118,1
DA:121,359
FN:121,EternalStorage.setInt
FNDA:359,EternalStorage.setInt
DA:122,358
DA:125,359
FN:125,EternalStorage.getInt
FNDA:359,EternalStorage.getInt
DA:126,359
DA:129,1
FN:129,EternalStorage.deleteInt
FNDA:1,EternalStorage.deleteInt
DA:130,1
DA:133,359
FN:133,EternalStorage.setString
FNDA:359,EternalStorage.setString
DA:134,358
DA:137,259
FN:137,EternalStorage.getString
FNDA:259,EternalStorage.getString
DA:138,259
DA:141,1
FN:141,EternalStorage.deleteString
FNDA:1,EternalStorage.deleteString
DA:142,1
FNF:22
FNH:22
LF:46
LH:46
BRF:2
BRH:1
end_of_record
TN:
SF:src/storage/EternalStorageAccessLibrary.sol
DA:25,3125184
FN:25,EternalStorageAccessLibrary.poolTokenReserveKey
FNDA:3125184,EternalStorageAccessLibrary.poolTokenReserveKey
DA:26,3125184
DA:32,3125184
FN:32,EternalStorageAccessLibrary.poolEthReserveKey
FNDA:3125184,EternalStorageAccessLibrary.poolEthReserveKey
DA:33,3125184
DA:39,2429620
FN:39,EternalStorageAccessLibrary.poolLPTokenKey
FNDA:2429620,EternalStorageAccessLibrary.poolLPTokenKey
DA:40,2429620
DA:47,383901
FN:47,EternalStorageAccessLibrary.getFee
FNDA:383901,EternalStorageAccessLibrary.getFee
DA:48,383901
DA:54,47
FN:54,EternalStorageAccessLibrary.setFee
FNDA:47,EternalStorageAccessLibrary.setFee
DA:55,47
DA:62,5
FN:62,EternalStorageAccessLibrary.getEmergencyMultiSig
FNDA:5,EternalStorageAccessLibrary.getEmergencyMultiSig
DA:63,5
DA:69,46
FN:69,EternalStorageAccessLibrary.setEmergencyMultiSig
FNDA:46,EternalStorageAccessLibrary.setEmergencyMultiSig
DA:70,46
DA:80,2104654
FN:80,EternalStorageAccessLibrary.getPoolWithAddress
FNDA:2104654,EternalStorageAccessLibrary.getPoolWithAddress
DA:85,2104654
DA:86,2104654
DA:87,2104654
DA:96,1
FN:96,EternalStorageAccessLibrary.setPoolWithAddress
FNDA:1,EternalStorageAccessLibrary.setPoolWithAddress
DA:103,1
DA:104,1
DA:105,1
DA:111,1
FN:111,EternalStorageAccessLibrary.deletePoolWithAddress
FNDA:1,EternalStorageAccessLibrary.deletePoolWithAddress
DA:112,1
DA:113,1
DA:114,1
DA:121,1020527
FN:121,EternalStorageAccessLibrary.setPoolTokenReservesWithAddress
FNDA:1020527,EternalStorageAccessLibrary.setPoolTokenReservesWithAddress
DA:124,1020527
DA:131,1020527
FN:131,EternalStorageAccessLibrary.setPoolEthReservesWithAddress
FNDA:1020527,EternalStorageAccessLibrary.setPoolEthReservesWithAddress
DA:132,1020527
DA:139,1825
FN:139,EternalStorageAccessLibrary.setPoolLPTokenWithAddress
FNDA:1825,EternalStorageAccessLibrary.setPoolLPTokenWithAddress
DA:140,1825
DA:147,1
FN:147,EternalStorageAccessLibrary.getPoolTokenReservesWithAddress
FNDA:1,EternalStorageAccessLibrary.getPoolTokenReservesWithAddress
DA:152,1
DA:159,1
FN:159,EternalStorageAccessLibrary.getPoolEthReservesWithAddress
FNDA:1,EternalStorageAccessLibrary.getPoolEthReservesWithAddress
DA:164,1
DA:171,323139
FN:171,EternalStorageAccessLibrary.getPoolLPTokenWithAddress
FNDA:323139,EternalStorageAccessLibrary.getPoolLPTokenWithAddress
DA:176,323139
FNF:16
FNH:16
LF:38
LH:38
BRF:0
BRH:0
end_of_record
TN:
SF:src/v1/SimpleAMMV1.sol
DA:104,0
FN:104,SimpleAMMV1.notExpire
FNDA:0,SimpleAMMV1.notExpire
DA:105,0
BRDA:105,0,0,-
DA:109,0
FN:109,SimpleAMMV1.initializer
FNDA:0,SimpleAMMV1.initializer
DA:110,0
BRDA:110,1,0,-
DA:112,0
DA:115,0
FN:115,SimpleAMMV1.mustInitialized
FNDA:0,SimpleAMMV1.mustInitialized
DA:116,0
BRDA:116,2,0,-
DA:123,0
FN:123,SimpleAMMV1.constructor
FNDA:0,SimpleAMMV1.constructor
DA:124,0
BRDA:124,3,0,-
DA:125,0
BRDA:125,4,0,-
DA:127,0
DA:129,0
DA:132,0
DA:133,0
BRDA:133,5,0,-
DA:134,0
DA:138,0
DA:139,0
BRDA:139,6,0,-
DA:140,0
DA:147,0
FN:147,SimpleAMMV1.initialize
FNDA:0,SimpleAMMV1.initialize
DA:148,0
BRDA:148,7,0,-
DA:149,0
DA:157,0
FN:157,SimpleAMMV1.pause
FNDA:0,SimpleAMMV1.pause
DA:158,0
DA:163,0
FN:163,SimpleAMMV1.unpause
FNDA:0,SimpleAMMV1.unpause
DA:164,0
DA:172,0
FN:172,SimpleAMMV1.executeEmergencyWithdraw
FNDA:0,SimpleAMMV1.executeEmergencyWithdraw
DA:173,0
BRDA:173,8,0,-
DA:175,0
BRDA:175,9,0,-
BRDA:175,9,1,-
DA:177,0
DA:180,0
DA:189,0
FN:189,SimpleAMMV1.getVersion
FNDA:0,SimpleAMMV1.getVersion
DA:190,0
DA:204,0
FN:204,SimpleAMMV1.addLiquidity
FNDA:0,SimpleAMMV1.addLiquidity
DA:212,0
BRDA:212,10,0,-
DA:213,0
BRDA:213,11,0,-
DA:214,0
BRDA:214,12,0,-
DA:216,0
DA:218,0
DA:219,0
BRDA:219,13,0,-
BRDA:219,13,1,-
DA:220,0
DA:223,0
DA:226,0
BRDA:226,14,0,-
BRDA:226,14,1,-
DA:228,0
DA:230,0
DA:232,0
DA:236,0
DA:237,0
DA:239,0
DA:242,0
DA:243,0
DA:246,0
BRDA:246,15,0,-
DA:248,0
DA:250,0
DA:251,0
DA:253,0
BRDA:253,16,0,-
DA:254,0
DA:257,0
DA:267,0
FN:267,SimpleAMMV1.removeLiquidity
FNDA:0,SimpleAMMV1.removeLiquidity
DA:274,0
BRDA:274,17,0,-
DA:276,0
DA:277,0
DA:279,0
DA:281,0
DA:282,0
DA:283,0
DA:285,0
DA:298,0
FN:298,SimpleAMMV1.swapETHForTokens
FNDA:0,SimpleAMMV1.swapETHForTokens
DA:306,0
DA:307,0
BRDA:307,18,0,-
DA:308,0
BRDA:308,19,0,-
DA:309,0
BRDA:309,20,0,-
DA:311,0
DA:312,0
BRDA:312,21,0,-
DA:314,0
DA:315,0
BRDA:315,22,0,-
DA:318,0
DA:319,0
DA:322,0
DA:325,0
DA:335,0
FN:335,SimpleAMMV1.swapTokensForETH
FNDA:0,SimpleAMMV1.swapTokensForETH
DA:343,0
DA:344,0
BRDA:344,23,0,-
DA:345,0
BRDA:345,24,0,-
DA:347,0
DA:348,0
BRDA:348,25,0,-
DA:350,0
DA:351,0
BRDA:351,26,0,-
DA:354,0
DA:355,0
DA:358,0
DA:361,0
DA:363,0
DA:375,0
FN:375,SimpleAMMV1.getPoolInfo
FNDA:0,SimpleAMMV1.getPoolInfo
DA:380,0
DA:381,0
DA:382,0
BRDA:382,27,0,-
DA:383,0
DA:389,0
FN:389,SimpleAMMV1.getLPToken
FNDA:0,SimpleAMMV1.getLPToken
DA:390,0
BRDA:390,28,0,-
DA:391,0
DA:397,0
FN:397,SimpleAMMV1.getSpotPrice
FNDA:0,SimpleAMMV1.getSpotPrice
DA:398,0
DA:399,0
BRDA:399,29,0,-
DA:400,0
BRDA:400,30,0,-
DA:401,0
DA:405,0
DA:414,0
FN:414,SimpleAMMV1.getSwapInfo
FNDA:0,SimpleAMMV1.getSwapInfo
DA:419,0
DA:420,0
BRDA:420,31,0,-
DA:422,0
BRDA:422,32,0,-
BRDA:422,32,1,-
DA:423,0
DA:424,0
DA:426,0
DA:427,0
DA:434,0
FN:434,SimpleAMMV1.getLiquidityDepth
FNDA:0,SimpleAMMV1.getLiquidityDepth
DA:435,0
DA:436,0
BRDA:436,33,0,-
DA:438,0
DA:444,0
FN:444,SimpleAMMV1.getLPTokenAddress
FNDA:0,SimpleAMMV1.getLPTokenAddress
DA:445,0
DA:450,0
FN:450,SimpleAMMV1.getFee
FNDA:0,SimpleAMMV1.getFee
DA:451,0
DA:458,0
FN:458,SimpleAMMV1._calculateLiquidityShares
FNDA:0,SimpleAMMV1._calculateLiquidityShares
DA:465,0
DA:466,0
DA:468,0
BRDA:468,34,0,-
BRDA:468,34,1,-
DA:469,0
DA:470,0
BRDA:470,35,0,-
DA:471,0
DA:473,0
DA:475,0
DA:476,0
DA:477,0
DA:478,0
BRDA:478,36,0,-
DA:479,0
DA:482,0
DA:485,0
FN:485,SimpleAMMV1._calculatePriceImpact
FNDA:0,SimpleAMMV1._calculatePriceImpact
DA:490,0
BRDA:490,37,0,-
DA:491,0
BRDA:491,38,0,-
DA:492,0
BRDA:492,39,0,-
DA:493,0
DA:497,0
DA:498,0
DA:500,0
DA:502,0
DA:505,0
FN:505,SimpleAMMV1._calculateRemoveLiquidityAmounts
FNDA:0,SimpleAMMV1._calculateRemoveLiquidityAmounts
DA:511,0
DA:512,0
BRDA:512,41,0,-
DA:514,0
DA:515,0
DA:516,0
DA:517,0
BRDA:517,42,0,-
DA:519,0
DA:520,0
DA:522,0
BRDA:522,43,0,-
DA:523,0
BRDA:523,44,0,-
DA:525,0
DA:528,0
FN:528,SimpleAMMV1._updateReservesForRemoveLiquidity
FNDA:0,SimpleAMMV1._updateReservesForRemoveLiquidity
DA:529,0
DA:530,0
DA:531,0
DA:534,0
FN:534,SimpleAMMV1._createNewPool
FNDA:0,SimpleAMMV1._createNewPool
DA:535,0
DA:536,0
DA:537,0
DA:539,0
DA:540,0
DA:541,0
DA:542,0
DA:545,0
FN:545,SimpleAMMV1._getAmountOut
FNDA:0,SimpleAMMV1._getAmountOut
DA:546,0
BRDA:546,45,0,-
DA:547,0
BRDA:547,46,0,-
DA:548,0
DA:552,0
DA:554,0
DA:556,0
DA:559,0
FNF:26
FNH:0
LF:177
LH:0
BRF:51
BRH:0
end_of_record
TN:
SF:src/v2/SimpleAMMV2.sol
DA:101,313051
FN:101,SimpleAMMV2.notExpire
FNDA:313051,SimpleAMMV2.notExpire
DA:102,313051
BRDA:102,0,0,-
DA:106,45
FN:106,SimpleAMMV2.initializer
FNDA:45,SimpleAMMV2.initializer
DA:107,0
BRDA:107,1,0,-
DA:109,45
DA:112,313051
FN:112,SimpleAMMV2.mustInitialized
FNDA:313051,SimpleAMMV2.mustInitialized
DA:113,313051
BRDA:113,2,0,-
DA:120,45
FN:120,SimpleAMMV2.constructor
FNDA:45,SimpleAMMV2.constructor
DA:121,45
BRDA:121,3,0,-
DA:122,45
BRDA:122,4,0,-
DA:124,45
DA:126,45
DA:129,45
DA:130,90
BRDA:130,5,0,-
DA:131,90
DA:135,45
DA:136,135
BRDA:136,6,0,-
DA:137,135
DA:144,45
FN:144,SimpleAMMV2.initialize
FNDA:45,SimpleAMMV2.initialize
DA:145,45
BRDA:145,7,0,-
DA:146,45
DA:147,45
DA:155,8
FN:155,SimpleAMMV2.pause
FNDA:8,SimpleAMMV2.pause
DA:156,8
DA:161,2
FN:161,SimpleAMMV2.unpause
FNDA:2,SimpleAMMV2.unpause
DA:162,2
DA:170,4
FN:170,SimpleAMMV2.executeEmergencyWithdraw
FNDA:4,SimpleAMMV2.executeEmergencyWithdraw
DA:171,4
BRDA:171,8,0,-
DA:173,4
BRDA:173,9,0,2
BRDA:173,9,1,2
DA:175,2
DA:178,2
DA:185,0
FN:185,SimpleAMMV2.setFee
FNDA:0,SimpleAMMV2.setFee
DA:186,0
BRDA:186,10,0,-
DA:187,0
DA:188,0
DA:189,0
DA:197,2
FN:197,SimpleAMMV2.getVersion
FNDA:2,SimpleAMMV2.getVersion
DA:198,2
DA:212,324092
FN:212,SimpleAMMV2.addLiquidity
FNDA:324092,SimpleAMMV2.addLiquidity
DA:220,324090
BRDA:220,11,0,-
DA:221,324090
BRDA:221,12,0,-
DA:222,324090
BRDA:222,13,0,-
DA:225,324090
DA:226,324090
DA:227,324090
BRDA:227,14,0,1824
BRDA:227,14,1,48114
DA:228,1824
DA:232,322266
DA:233,322266
BRDA:233,15,0,274152
BRDA:233,15,1,48114
DA:234,274152
DA:236,48114
DA:242,324090
DA:243,324090
DA:245,324090
DA:248,324090
DA:249,324090
DA:252,324090
BRDA:252,16,0,1824
DA:254,1824
DA:256,324090
DA:257,324090
DA:260,324090
BRDA:260,17,0,48114
DA:262,48114
DA:266,324090
DA:276,313053
FN:276,SimpleAMMV2.removeLiquidity
FNDA:313053,SimpleAMMV2.removeLiquidity
DA:283,313051
BRDA:283,18,0,-
DA:285,313051
DA:286,313051
DA:288,313051
DA:290,313051
DA:291,313051
DA:292,313051
DA:294,313051
DA:307,191585
FN:307,SimpleAMMV2.swapETHForTokens
FNDA:191585,SimpleAMMV2.swapETHForTokens
DA:316,191583
DA:317,191583
BRDA:317,19,0,-
DA:318,191583
BRDA:318,20,0,-
DA:319,191583
BRDA:319,21,0,-
DA:322,191583
DA:325,191583
DA:326,191583
BRDA:326,22,0,-
DA:328,191583
DA:329,191374
BRDA:329,23,0,49
DA:332,191325
DA:333,191325
DA:336,191325
DA:339,191325
DA:349,192319
FN:349,SimpleAMMV2.swapTokensForETH
FNDA:192319,SimpleAMMV2.swapTokensForETH
DA:357,192315
DA:358,192315
BRDA:358,24,0,-
DA:359,192315
BRDA:359,25,0,-
DA:361,192315
DA:362,192315
BRDA:362,26,0,-
DA:364,192315
DA:365,192098
BRDA:365,27,0,39
DA:368,192059
DA:369,192059
DA:372,192059
DA:375,192059
DA:377,192059
DA:389,770302
FN:389,SimpleAMMV2.getPoolInfo
FNDA:770302,SimpleAMMV2.getPoolInfo
DA:394,770302
DA:395,770302
DA:396,770302
BRDA:396,28,0,-
DA:397,770302
DA:403,8
FN:403,SimpleAMMV2.getLPToken
FNDA:8,SimpleAMMV2.getLPToken
DA:404,8
BRDA:404,29,0,-
DA:405,8
DA:411,258
FN:411,SimpleAMMV2.getSpotPrice
FNDA:258,SimpleAMMV2.getSpotPrice
DA:412,258
DA:413,258
BRDA:413,30,0,-
DA:414,258
BRDA:414,31,0,-
DA:415,0
DA:419,258
DA:428,2
FN:428,SimpleAMMV2.getSwapInfo
FNDA:2,SimpleAMMV2.getSwapInfo
DA:433,2
DA:434,2
BRDA:434,32,0,-
DA:436,2
BRDA:436,33,0,2
BRDA:436,33,1,-
DA:437,2
DA:438,2
DA:440,0
DA:441,0
DA:448,0
FN:448,SimpleAMMV2.getLiquidityDepth
FNDA:0,SimpleAMMV2.getLiquidityDepth
DA:449,0
DA:450,0
BRDA:450,34,0,-
DA:452,0
DA:458,323130
FN:458,SimpleAMMV2.getLPTokenAddress
FNDA:323130,SimpleAMMV2.getLPTokenAddress
DA:459,323130
DA:464,0
FN:464,SimpleAMMV2.getFee
FNDA:0,SimpleAMMV2.getFee
DA:465,0
DA:472,324090
FN:472,SimpleAMMV2._calculateLiquidityShares
FNDA:324090,SimpleAMMV2._calculateLiquidityShares
DA:479,324090
DA:480,324090
DA:482,324090
BRDA:482,35,0,1824
BRDA:482,35,1,322266
DA:483,1824
DA:484,1824
BRDA:484,36,0,-
DA:485,0
DA:487,1824
DA:489,322266
DA:490,322266
DA:491,322266
DA:492,322266
BRDA:492,37,0,-
DA:493,0
DA:496,324090
DA:499,383900
FN:499,SimpleAMMV2._calculatePriceImpact
FNDA:383900,SimpleAMMV2._calculatePriceImpact
DA:504,383900
BRDA:504,38,0,-
DA:505,383900
BRDA:505,39,0,-
DA:506,383900
BRDA:506,40,0,426
DA:507,426
DA:511,383474
DA:512,383474
DA:514,383474
DA:516,207489
DA:519,313051
FN:519,SimpleAMMV2._calculateRemoveLiquidityAmounts
FNDA:313051,SimpleAMMV2._calculateRemoveLiquidityAmounts
DA:525,313051
DA:526,313051
BRDA:526,42,0,-
DA:528,313051
DA:529,313051
DA:530,313051
DA:531,313051
BRDA:531,43,0,-
DA:533,313051
DA:534,313051
DA:536,313051
BRDA:536,44,0,-
DA:537,313051
BRDA:537,45,0,-
DA:539,313051
DA:542,313051
FN:542,SimpleAMMV2._updateReservesForRemoveLiquidity
FNDA:313051,SimpleAMMV2._updateReservesForRemoveLiquidity
DA:543,313051
DA:544,313051
DA:545,313051
DA:548,1824
FN:548,SimpleAMMV2._createNewPool
FNDA:1824,SimpleAMMV2._createNewPool
DA:549,1824
DA:550,1824
DA:551,1824
DA:553,1824
DA:554,1824
DA:555,1824
DA:556,1824
DA:559,383900
FN:559,SimpleAMMV2._getAmountOut
FNDA:383900,SimpleAMMV2._getAmountOut
DA:560,383900
BRDA:560,46,0,-
DA:561,383900
BRDA:561,47,0,-
DA:562,0
DA:576,383900
DA:579,383900
DA:583,383900
FNF:27
FNH:24
LF:182
LH:164
BRF:52
BRH:14
end_of_record
TN:
SF:test/invariant/SimpleAMMV2Handler.t.sol
DA:31,8
FN:31,SimpleAMMV2Handler.constructor
FNDA:8,SimpleAMMV2Handler.constructor
DA:32,8
DA:33,8
DA:34,8
DA:37,8
DA:38,8
DA:39,8
DA:40,8
DA:41,8
DA:42,8
DA:43,8
DA:46,8
DA:47,8
DA:51,322262
FN:51,SimpleAMMV2Handler.addLiquidity
FNDA:322262,SimpleAMMV2Handler.addLiquidity
DA:53,322262
DA:54,322262
DA:57,322262
DA:58,322262
DA:59,322262
DA:60,322262
DA:63,322262
DA:65,322262
DA:69,322870
FN:69,SimpleAMMV2Handler.removeLiquidity
FNDA:322870,SimpleAMMV2Handler.removeLiquidity
DA:70,322870
DA:71,322870
DA:72,322870
DA:74,322870
DA:75,322870
DA:76,322870
DA:79,318702
DA:80,318702
DA:82,312791
DA:83,312791
DA:87,193396
FN:87,SimpleAMMV2Handler.swapETHForTokens
FNDA:193396,SimpleAMMV2Handler.swapETHForTokens
DA:88,193396
DA:89,193396
DA:90,191067
DA:92,191067
DA:93,191067
DA:95,191067
DA:102,191067
DA:103,191067
DA:107,194026
FN:107,SimpleAMMV2Handler.swapTokensForETH
FNDA:194026,SimpleAMMV2Handler.swapTokensForETH
DA:108,194026
DA:109,194026
DA:110,191801
DA:112,191801
DA:113,191801
DA:114,191801
DA:116,191801
DA:124,191801
DA:125,191801
DA:128,382868
FN:128,SimpleAMMV2Handler.updateGhostVariablesAfterSwap
FNDA:382868,SimpleAMMV2Handler.updateGhostVariablesAfterSwap
DA:129,382868
DA:130,382868
FNF:6
FNH:6
LF:55
LH:55
BRF:0
BRH:0
end_of_record
TN:
SF:test/mocks/MockERC20.sol
DA:9,514149
FN:9,MockERC20.mint
FNDA:514149,MockERC20.mint
DA:10,514149
FNF:1
FNH:1
LF:2
LH:2
BRF:0
BRH:0
end_of_record
TN:
SF:test/mocks/MockLogic.sol
DA:9,26
FN:9,MockLogic.constructor
FNDA:26,MockLogic.constructor
DA:10,26
DA:13,0
FN:13,MockLogic.setTestUint
FNDA:0,MockLogic.setTestUint
DA:14,0
DA:17,0
FN:17,MockLogic.setTestString
FNDA:0,MockLogic.setTestString
DA:18,0
FNF:3
FNH:1
LF:6
LH:2
BRF:0
BRH:0
end_of_record
TN:
SF:test/mocks/MockMultiSigProposalExecutor.sol
DA:9,1
FN:9,MockMultiSigProposalExecutor.executeEmergencyWithdraw
FNDA:1,MockMultiSigProposalExecutor.executeEmergencyWithdraw
DA:10,1
FNF:1
FNH:1
LF:2
LH:2
BRF:0
BRH:0
end_of_record
